<?xml version="1.0" encoding="UTF-8"?>
<beans xmlns="http://www.springframework.org/schema/beans"
       xmlns:xsi="http://www.w3.org/2001/XMLSchema-instance"
       xmlns:context="http://www.springframework.org/schema/context"
       xmlns:mvc="http://www.springframework.org/schema/mvc"
       xsi:schemaLocation="
        http://www.springframework.org/schema/beans
        http://www.springframework.org/schema/beans/spring-beans.xsd
        http://www.springframework.org/schema/context
        http://www.springframework.org/schema/context/spring-context.xsd
        http://www.springframework.org/schema/mvc
        http://www.springframework.org/schema/mvc/spring-mvc.xsd">

    <bean id="externalService" class="org.mockito.Mockito" factory-method="mock">
        <constructor-arg value="net.himadri.passwordmanager.service.ExternalService"/>
    </bean>

    <bean id="googleCredentials" class="org.mockito.Mockito" factory-method="mock">
        <constructor-arg value="com.google.auth.oauth2.GoogleCredentials"/>
    </bean>

    <bean id="dateService" class="org.mockito.Mockito" factory-method="mock">
        <constructor-arg value="net.himadri.passwordmanager.service.DateService"/>
    </bean>

    <mvc:annotation-driven />
    <context:component-scan base-package="net.himadri.passwordmanager.service"/>

</beans>