<?xml version="1.0" encoding="UTF-8"?>
<beans xmlns="http://www.springframework.org/schema/beans"
       xmlns:xsi="http://www.w3.org/2001/XMLSchema-instance"
       xmlns:context="http://www.springframework.org/schema/context"
       xsi:schemaLocation="
        http://www.springframework.org/schema/beans
        http://www.springframework.org/schema/beans/spring-beans.xsd
        http://www.springframework.org/schema/context
        http://www.springframework.org/schema/context/spring-context.xsd">

    <bean id="objectify" class="org.mockito.Mockito" factory-method="mock">
        <constructor-arg value="com.googlecode.objectify.Objectify"/>
    </bean>

    <bean id="userService" class="org.mockito.Mockito" factory-method="mock">
        <constructor-arg value="com.google.appengine.api.users.UserService"/>
    </bean>

    <context:component-scan base-package="net.himadri.passwordmanager.service"/>

</beans>